<component name="libraryTable">
  <library name="junit-4.10">
    <CLASSES>
      <root url="jar://$USER_HOME$/Downloads/junit-4.10.jar!/" />
      <root url="jar://$USER_HOME$/Downloads/json-simple-1.1.jar/json-simple-1.1.jar!/" />
    </CLASSES>
    <JAVADOC />
    <SOURCES />
  </library>
</component>